#
# There is insufficient memory for the Java Runtime Environment to continue.
# Native memory allocation (malloc) failed to allocate 303216 bytes for Chunk::new
# Possible reasons:
#   The system is out of physical RAM or swap space
#   In 32 bit mode, the process size limit was hit
# Possible solutions:
#   Reduce memory load on the system
#   Increase physical memory or swap space
#   Check if swap backing store is full
#   Use 64 bit Java on a 64 bit OS
#   Decrease Java heap size (-Xmx/-Xms)
#   Decrease number of Java threads
#   Decrease Java thread stack sizes (-Xss)
#   Set larger code cache with -XX:ReservedCodeCacheSize=
# This output file may be truncated or incomplete.
#
#  Out of Memory Error (allocation.cpp:390), pid=7792, tid=0x00000000000032f8
#
# JRE version: Java(TM) SE Runtime Environment (8.0_121-b13) (build 1.8.0_121-b13)
# Java VM: Java HotSpot(TM) 64-Bit Server VM (25.121-b13 mixed mode windows-amd64 compressed oops)
# Failed to write core dump. Minidumps are not enabled by default on client versions of Windows
#

---------------  T H R E A D  ---------------

Current thread (0x00000000150ee800):  JavaThread "C2 CompilerThread0" daemon [_thread_in_native, id=13048, stack(0x00000000169e0000,0x0000000016ae0000)]

Stack: [0x00000000169e0000,0x0000000016ae0000]
[error occurred during error reporting (printing stack bounds), id 0xc0000005]

Native frames: (J=compiled Java code, j=interpreted, Vv=VM code, C=native code)


Current CompileTask:
C2:  22563 1314 %     4       com.google.gson.stream.JsonReader::nextQuotedValue @ 29 (196 bytes)


---------------  P R O C E S S  ---------------

Java Threads: ( => current thread )
  0x0000000017bac800 JavaThread "Exec Stream Pumper" daemon [_thread_in_native, id=3152, stack(0x0000000019590000,0x0000000019690000)]
  0x0000000017baa000 JavaThread "Exec Stream Pumper" daemon [_thread_in_native, id=12000, stack(0x0000000019490000,0x0000000019590000)]
  0x0000000017ba7000 JavaThread "Exec Default Executor" daemon [_thread_in_native, id=10692, stack(0x0000000019290000,0x0000000019390000)]
  0x000000001510e800 JavaThread "Service Thread" daemon [_thread_blocked, id=5384, stack(0x00000000170e0000,0x00000000171e0000)]
  0x00000000150e8800 JavaThread "C1 CompilerThread2" daemon [_thread_blocked, id=3820, stack(0x0000000016be0000,0x0000000016ce0000)]
  0x00000000150e7800 JavaThread "C2 CompilerThread1" daemon [_thread_in_native, id=10384, stack(0x0000000016ae0000,0x0000000016be0000)]
=>0x00000000150ee800 JavaThread "C2 CompilerThread0" daemon [_thread_in_native, id=13048, stack(0x00000000169e0000,0x0000000016ae0000)]
  0x00000000150d5000 JavaThread "JDWP Command Reader" daemon [_thread_in_native, id=10844, stack(0x00000000168e0000,0x00000000169e0000)]
  0x00000000150d1800 JavaThread "JDWP Event Helper Thread" daemon [_thread_blocked, id=13188, stack(0x00000000167e0000,0x00000000168e0000)]
  0x00000000150c6800 JavaThread "JDWP Transport Listener: dt_socket" daemon [_thread_blocked, id=12664, stack(0x00000000166e0000,0x00000000167e0000)]
  0x00000000150bb800 JavaThread "Attach Listener" daemon [_thread_blocked, id=6608, stack(0x00000000165e0000,0x00000000166e0000)]
  0x00000000150ba000 JavaThread "Signal Dispatcher" daemon [_thread_blocked, id=5132, stack(0x00000000164e0000,0x00000000165e0000)]
  0x000000001509a800 JavaThread "Finalizer" daemon [_thread_blocked, id=5416, stack(0x0000000016300000,0x0000000016400000)]
  0x0000000002a34000 JavaThread "Reference Handler" daemon [_thread_blocked, id=2160, stack(0x0000000016200000,0x0000000016300000)]
  0x0000000002944800 JavaThread "main" [_thread_in_native, id=5472, stack(0x00000000010d0000,0x00000000011d0000)]

Other Threads:
  0x0000000015079000 VMThread [stack: 0x0000000016100000,0x0000000016200000] [id=10656]
  0x0000000016d60800 WatcherThread [stack: 0x00000000171e0000,0x00000000172e0000] [id=2356]

VM state:not at safepoint (normal execution)

VM Mutex/Monitor currently owned by a thread: None

Heap:
 PSYoungGen      total 18944K, used 17850K [0x00000000eb500000, 0x00000000eca00000, 0x0000000100000000)
  eden space 16384K, 93% used [0x00000000eb500000,0x00000000ec3f2958,0x00000000ec500000)
  from space 2560K, 99% used [0x00000000ec500000,0x00000000ec77c030,0x00000000ec780000)
  to   space 2560K, 0% used [0x00000000ec780000,0x00000000ec780000,0x00000000eca00000)
 ParOldGen       total 44032K, used 5246K [0x00000000c1e00000, 0x00000000c4900000, 0x00000000eb500000)
  object space 44032K, 11% used [0x00000000c1e00000,0x00000000c231fba8,0x00000000c4900000)
 Metaspace       used 15703K, capacity 15954K, committed 16256K, reserved 1062912K
  class space    used 1951K, capacity 2071K, committed 2176K, reserved 1048576K

Card table byte_map: [0x0000000011eb0000,0x00000000120b0000] byte_map_base: 0x00000000118a1000

Marking Bits: (ParMarkBitMap*) 0x000000005befb6d0
 Begin Bits: [0x0000000012600000, 0x0000000013588000)
 End Bits:   [0x0000000013588000, 0x0000000014510000)

Polling page: 0x0000000000ec0000

CodeCache: size=245760Kb used=4668Kb max_used=4668Kb free=241091Kb
 bounds [0x0000000002af0000, 0x0000000002f90000, 0x0000000011af0000]
 total_blobs=1717 nmethods=1325 adapters=313
 compilation: enabled

Compilation events (10 events):
Event: 22.470 Thread 0x00000000150e8800 1318       3       java.io.StringReader::ensureOpen (18 bytes)
Event: 22.470 Thread 0x00000000150e8800 nmethod 1318 0x0000000002f6e410 code [0x0000000002f6e580, 0x0000000002f6e7e8]
Event: 22.470 Thread 0x00000000150e8800 1319       3       com.google.gson.stream.JsonReader::fillBuffer (168 bytes)
Event: 22.472 Thread 0x00000000150e8800 nmethod 1319 0x0000000002f718d0 code [0x0000000002f71a60, 0x0000000002f71fb8]
Event: 22.474 Thread 0x00000000150e8800 1320       3       java.io.StringWriter::write (17 bytes)
Event: 22.475 Thread 0x00000000150e8800 nmethod 1320 0x0000000002f79110 code [0x0000000002f792a0, 0x0000000002f797d8]
Event: 22.482 Thread 0x00000000150e7800 nmethod 1315 0x0000000002f78750 code [0x0000000002f788a0, 0x0000000002f78db8]
Event: 22.482 Thread 0x00000000150e7800 1321 %     4       com.google.gson.stream.JsonWriter::string @ 37 (169 bytes)
Event: 22.495 Thread 0x00000000150e8800 1324       3       java.util.regex.Pattern$Slice::match (79 bytes)
Event: 22.496 Thread 0x00000000150e8800 nmethod 1324 0x0000000002f77f10 code [0x0000000002f780a0, 0x0000000002f78558]

GC Heap History (6 events):
Event: 3.166 GC heap before
{Heap before GC invocations=1 (full 0):
 PSYoungGen      total 18944K, used 16384K [0x00000000eb500000, 0x00000000eca00000, 0x0000000100000000)
  eden space 16384K, 100% used [0x00000000eb500000,0x00000000ec500000,0x00000000ec500000)
  from space 2560K, 0% used [0x00000000ec780000,0x00000000ec780000,0x00000000eca00000)
  to   space 2560K, 0% used [0x00000000ec500000,0x00000000ec500000,0x00000000ec780000)
 ParOldGen       total 44032K, used 0K [0x00000000c1e00000, 0x00000000c4900000, 0x00000000eb500000)
  object space 44032K, 0% used [0x00000000c1e00000,0x00000000c1e00000,0x00000000c4900000)
 Metaspace       used 7999K, capacity 8130K, committed 8448K, reserved 1056768K
  class space    used 932K, capacity 945K, committed 1024K, reserved 1048576K
Event: 3.178 GC heap after
Heap after GC invocations=1 (full 0):
 PSYoungGen      total 18944K, used 2557K [0x00000000eb500000, 0x00000000eca00000, 0x0000000100000000)
  eden space 16384K, 0% used [0x00000000eb500000,0x00000000eb500000,0x00000000ec500000)
  from space 2560K, 99% used [0x00000000ec500000,0x00000000ec77f658,0x00000000ec780000)
  to   space 2560K, 0% used [0x00000000ec780000,0x00000000ec780000,0x00000000eca00000)
 ParOldGen       total 44032K, used 455K [0x00000000c1e00000, 0x00000000c4900000, 0x00000000eb500000)
  object space 44032K, 1% used [0x00000000c1e00000,0x00000000c1e71e70,0x00000000c4900000)
 Metaspace       used 7999K, capacity 8130K, committed 8448K, reserved 1056768K
  class space    used 932K, capacity 945K, committed 1024K, reserved 1048576K
}
Event: 5.012 GC heap before
{Heap before GC invocations=2 (full 0):
 PSYoungGen      total 18944K, used 18941K [0x00000000eb500000, 0x00000000eca00000, 0x0000000100000000)
  eden space 16384K, 100% used [0x00000000eb500000,0x00000000ec500000,0x00000000ec500000)
  from space 2560K, 99% used [0x00000000ec500000,0x00000000ec77f658,0x00000000ec780000)
  to   space 2560K, 0% used [0x00000000ec780000,0x00000000ec780000,0x00000000eca00000)
 ParOldGen       total 44032K, used 455K [0x00000000c1e00000, 0x00000000c4900000, 0x00000000eb500000)
  object space 44032K, 1% used [0x00000000c1e00000,0x00000000c1e71e70,0x00000000c4900000)
 Metaspace       used 11928K, capacity 12126K, committed 12288K, reserved 1060864K
  class space    used 1383K, capacity 1479K, committed 1536K, reserved 1048576K
Event: 5.029 GC heap after
Heap after GC invocations=2 (full 0):
 PSYoungGen      total 18944K, used 2544K [0x00000000eb500000, 0x00000000eca00000, 0x0000000100000000)
  eden space 16384K, 0% used [0x00000000eb500000,0x00000000eb500000,0x00000000ec500000)
  from space 2560K, 99% used [0x00000000ec780000,0x00000000ec9fc020,0x00000000eca00000)
  to   space 2560K, 0% used [0x00000000ec500000,0x00000000ec500000,0x00000000ec780000)
 ParOldGen       total 44032K, used 2559K [0x00000000c1e00000, 0x00000000c4900000, 0x00000000eb500000)
  object space 44032K, 5% used [0x00000000c1e00000,0x00000000c207fc68,0x00000000c4900000)
 Metaspace       used 11928K, capacity 12126K, committed 12288K, reserved 1060864K
  class space    used 1383K, capacity 1479K, committed 1536K, reserved 1048576K
}
Event: 16.609 GC heap before
{Heap before GC invocations=3 (full 0):
 PSYoungGen      total 18944K, used 18928K [0x00000000eb500000, 0x00000000eca00000, 0x0000000100000000)
  eden space 16384K, 100% used [0x00000000eb500000,0x00000000ec500000,0x00000000ec500000)
  from space 2560K, 99% used [0x00000000ec780000,0x00000000ec9fc020,0x00000000eca00000)
  to   space 2560K, 0% used [0x00000000ec500000,0x00000000ec500000,0x00000000ec780000)
 ParOldGen       total 44032K, used 2559K [0x00000000c1e00000, 0x00000000c4900000, 0x00000000eb500000)
  object space 44032K, 5% used [0x00000000c1e00000,0x00000000c207fc68,0x00000000c4900000)
 Metaspace       used 15134K, capacity 15392K, committed 15616K, reserved 1062912K
  class space    used 1879K, capacity 2030K, committed 2048K, reserved 1048576K
Event: 16.624 GC heap after
Heap after GC invocations=3 (full 0):
 PSYoungGen      total 18944K, used 2544K [0x00000000eb500000, 0x00000000eca00000, 0x0000000100000000)
  eden space 16384K, 0% used [0x00000000eb500000,0x00000000eb500000,0x00000000ec500000)
  from space 2560K, 99% used [0x00000000ec500000,0x00000000ec77c030,0x00000000ec780000)
  to   space 2560K, 0% used [0x00000000ec780000,0x00000000ec780000,0x00000000eca00000)
 ParOldGen       total 44032K, used 5246K [0x00000000c1e00000, 0x00000000c4900000, 0x00000000eb500000)
  object space 44032K, 11% used [0x00000000c1e00000,0x00000000c231fba8,0x00000000c4900000)
 Metaspace       used 15134K, capacity 15392K, committed 15616K, reserved 1062912K
  class space    used 1879K, capacity 2030K, committed 2048K, reserved 1048576K
}

Deoptimization events (10 events):
Event: 4.316 Thread 0x0000000002944800 Uncommon trap: reason=bimorphic action=maybe_recompile pc=0x0000000002dd5a7c method=java.util.regex.Pattern$BmpCharProperty.match(Ljava/util/regex/Matcher;ILjava/lang/CharSequence;)Z @ 31
Event: 4.316 Thread 0x0000000002944800 Uncommon trap: reason=bimorphic action=maybe_recompile pc=0x0000000002dd5a7c method=java.util.regex.Pattern$BmpCharProperty.match(Ljava/util/regex/Matcher;ILjava/lang/CharSequence;)Z @ 31
Event: 4.316 Thread 0x0000000002944800 Uncommon trap: reason=bimorphic action=maybe_recompile pc=0x0000000002dd5a7c method=java.util.regex.Pattern$BmpCharProperty.match(Ljava/util/regex/Matcher;ILjava/lang/CharSequence;)Z @ 31
Event: 4.971 Thread 0x0000000002944800 Uncommon trap: reason=bimorphic action=maybe_recompile pc=0x0000000002e76038 method=java.util.regex.Pattern$BmpCharProperty.match(Ljava/util/regex/Matcher;ILjava/lang/CharSequence;)Z @ 16
Event: 4.971 Thread 0x0000000002944800 Uncommon trap: reason=bimorphic action=maybe_recompile pc=0x0000000002e76038 method=java.util.regex.Pattern$BmpCharProperty.match(Ljava/util/regex/Matcher;ILjava/lang/CharSequence;)Z @ 16
Event: 5.296 Thread 0x0000000002944800 Uncommon trap: reason=unstable_if action=reinterpret pc=0x0000000002ee4cb0 method=java.util.concurrent.ConcurrentHashMap.addCount(JI)V @ 121
Event: 5.403 Thread 0x0000000002944800 Uncommon trap: reason=unstable_if action=reinterpret pc=0x0000000002cc4ad8 method=java.lang.String.replace(CC)Ljava/lang/String; @ 2
Event: 5.409 Thread 0x0000000002944800 Uncommon trap: reason=unstable_if action=reinterpret pc=0x0000000002dadd2c method=java.lang.CharacterDataLatin1.digit(II)I @ 82
Event: 6.375 Thread 0x0000000002944800 Uncommon trap: reason=unstable_if action=reinterpret pc=0x0000000002f0e930 method=java.util.regex.Pattern$BmpCharProperty.match(Ljava/util/regex/Matcher;ILjava/lang/CharSequence;)Z @ 34
Event: 6.561 Thread 0x0000000002944800 Uncommon trap: reason=unstable_if action=reinterpret pc=0x0000000002ee57b8 method=java.util.concurrent.ConcurrentHashMap.putVal(Ljava/lang/Object;Ljava/lang/Object;Z)Ljava/lang/Object; @ 206

Internal exceptions (10 events):
Event: 4.173 Thread 0x0000000002944800 Exception <a 'java/lang/NoSuchFieldError': method resolution failed> (0x00000000eba2cd80) thrown at [C:\re\workspace\8-2-build-windows-amd64-cygwin\jdk8u121\8372\hotspot\src\share\vm\prims\methodHandles.cpp, line 1146]
Event: 4.200 Thread 0x0000000002944800 Exception <a 'java/lang/NoSuchFieldError': method resolution failed> (0x00000000eba3a810) thrown at [C:\re\workspace\8-2-build-windows-amd64-cygwin\jdk8u121\8372\hotspot\src\share\vm\prims\methodHandles.cpp, line 1146]
Event: 5.304 Thread 0x0000000002944800 Exception <a 'java/lang/IncompatibleClassChangeError': Found class java.lang.Object, but interface was expected> (0x00000000eb832458) thrown at [C:\re\workspace\8-2-build-windows-amd64-cygwin\jdk8u121\8372\hotspot\src\share\vm\interpreter\linkResolver.cpp
Event: 5.951 Thread 0x0000000002944800 Exception <a 'java/lang/ArrayIndexOutOfBoundsException'> (0x00000000eba5d2c0) thrown at [C:\re\workspace\8-2-build-windows-amd64-cygwin\jdk8u121\8372\hotspot\src\share\vm\runtime\sharedRuntime.cpp, line 605]
Event: 5.951 Thread 0x0000000002944800 Exception <a 'java/lang/ArrayIndexOutOfBoundsException'> (0x00000000eba5e0f0) thrown at [C:\re\workspace\8-2-build-windows-amd64-cygwin\jdk8u121\8372\hotspot\src\share\vm\runtime\sharedRuntime.cpp, line 605]
Event: 6.056 Thread 0x0000000002944800 Exception <a 'java/lang/ArrayIndexOutOfBoundsException'> (0x00000000ebc5b930) thrown at [C:\re\workspace\8-2-build-windows-amd64-cygwin\jdk8u121\8372\hotspot\src\share\vm\runtime\sharedRuntime.cpp, line 605]
Event: 6.056 Thread 0x0000000002944800 Exception <a 'java/lang/ArrayIndexOutOfBoundsException'> (0x00000000ebc5d2a0) thrown at [C:\re\workspace\8-2-build-windows-amd64-cygwin\jdk8u121\8372\hotspot\src\share\vm\runtime\sharedRuntime.cpp, line 605]
Event: 6.056 Thread 0x0000000002944800 Exception <a 'java/lang/ArrayIndexOutOfBoundsException'> (0x00000000ebc5e4e0) thrown at [C:\re\workspace\8-2-build-windows-amd64-cygwin\jdk8u121\8372\hotspot\src\share\vm\runtime\sharedRuntime.cpp, line 605]
Event: 19.316 Thread 0x0000000002944800 Exception <a 'java/lang/NoSuchMethodError': java.lang.Object.of(Ljava/lang/Object;)Ljava/util/stream/Stream;> (0x00000000eb7436e8) thrown at [C:\re\workspace\8-2-build-windows-amd64-cygwin\jdk8u121\8372\hotspot\src\share\vm\interpreter\linkResolver.cpp, l
Event: 22.530 Thread 0x0000000002944800 Exception <a 'java/lang/reflect/InvocationTargetException'> (0x00000000ec1bfe30) thrown at [C:\re\workspace\8-2-build-windows-amd64-cygwin\jdk8u121\8372\hotspot\src\share\vm\runtime\reflection.cpp, line 1092]

Events (10 events):
Event: 22.430 Thread 0x0000000002944800 DEOPT PACKING pc=0x0000000002e9c9cc sp=0x00000000011cd400
Event: 22.430 Thread 0x0000000002944800 DEOPT UNPACKING pc=0x0000000002b3787f sp=0x00000000011cd1b8 mode 1
Event: 22.525 loading class org/testng/Assert
Event: 22.525 loading class org/testng/Assert done
Event: 22.525 Thread 0x0000000002944800 DEOPT PACKING pc=0x0000000002cbb081 sp=0x00000000011cc700
Event: 22.525 Thread 0x0000000002944800 DEOPT UNPACKING pc=0x0000000002b3787f sp=0x00000000011cc450 mode 1
Event: 22.525 Thread 0x0000000002944800 DEOPT PACKING pc=0x0000000002c6137c sp=0x00000000011cc780
Event: 22.525 Thread 0x0000000002944800 DEOPT UNPACKING pc=0x0000000002b3787f sp=0x00000000011cc5a0 mode 1
Event: 22.525 Thread 0x0000000002944800 DEOPT PACKING pc=0x0000000002c61114 sp=0x00000000011cc910
Event: 22.525 Thread 0x0000000002944800 DEOPT UNPACKING pc=0x0000000002b3787f sp=0x00000000011cc730 mode 1


Dynamic libraries:
0x00007ff6c2bd0000 - 0x00007ff6c2c07000 	C:\Program Files\Java\jdk1.8.0_121\bin\java.exe
0x00007ff83b380000 - 0x00007ff83b52d000 	C:\WINDOWS\SYSTEM32\ntdll.dll
0x00007ff8385d0000 - 0x00007ff83870e000 	C:\WINDOWS\system32\KERNEL32.DLL
0x00007ff822780000 - 0x00007ff8227d4000 	C:\Program Files (x86)\AVG\Av\avghooka.dll
0x00007ff8372f0000 - 0x00007ff837405000 	C:\WINDOWS\system32\KERNELBASE.dll
0x00007ff835d00000 - 0x00007ff835d8e000 	C:\WINDOWS\system32\apphelp.dll
0x00007ff832520000 - 0x00007ff832573000 	C:\WINDOWS\AppPatch\AppPatch64\AcGenral.DLL
0x00007ff837d80000 - 0x00007ff837e2a000 	C:\WINDOWS\system32\msvcrt.dll
0x00007ff8372c0000 - 0x00007ff8372ee000 	C:\WINDOWS\system32\SspiCli.dll
0x00007ff838080000 - 0x00007ff8380d4000 	C:\WINDOWS\system32\SHLWAPI.dll
0x00007ff838240000 - 0x00007ff8383b7000 	C:\WINDOWS\system32\USER32.dll
0x00007ff837ee0000 - 0x00007ff838074000 	C:\WINDOWS\system32\ole32.dll
0x00007ff838af0000 - 0x00007ff83a018000 	C:\WINDOWS\system32\SHELL32.dll
0x00007ff8368b0000 - 0x00007ff8368d1000 	C:\WINDOWS\SYSTEM32\USERENV.dll
0x00007ff837e30000 - 0x00007ff837eda000 	C:\WINDOWS\system32\ADVAPI32.dll
0x00007ff82cc40000 - 0x00007ff82cc5e000 	C:\WINDOWS\SYSTEM32\MPR.dll
0x00007ff838490000 - 0x00007ff8385d0000 	C:\WINDOWS\system32\RPCRT4.dll
0x00007ff837af0000 - 0x00007ff837b49000 	C:\WINDOWS\SYSTEM32\sechost.dll
0x00007ff837b60000 - 0x00007ff837d71000 	C:\WINDOWS\SYSTEM32\combase.dll
0x00007ff837930000 - 0x00007ff837a7f000 	C:\WINDOWS\system32\GDI32.dll
0x00007ff837140000 - 0x00007ff837155000 	C:\WINDOWS\SYSTEM32\profapi.dll
0x00007ff8356d0000 - 0x00007ff835782000 	C:\WINDOWS\SYSTEM32\SHCORE.dll
0x00007ff837700000 - 0x00007ff837736000 	C:\WINDOWS\system32\IMM32.DLL
0x00007ff8380e0000 - 0x00007ff838232000 	C:\WINDOWS\system32\MSCTF.dll
0x00007ff835250000 - 0x00007ff8354cb000 	C:\WINDOWS\WinSxS\amd64_microsoft.windows.common-controls_6595b64144ccf1df_6.0.9600.18006_none_623f33d3ecbe86e8\COMCTL32.dll
0x000000005bf80000 - 0x000000005c052000 	C:\Program Files\Java\jdk1.8.0_121\jre\bin\msvcr100.dll
0x000000005b6e0000 - 0x000000005bf7b000 	C:\Program Files\Java\jdk1.8.0_121\jre\bin\server\jvm.dll
0x00007ff82d820000 - 0x00007ff82d829000 	C:\WINDOWS\SYSTEM32\WSOCK32.dll
0x00007ff82f9a0000 - 0x00007ff82f9c2000 	C:\WINDOWS\SYSTEM32\WINMM.dll
0x00007ff82e4d0000 - 0x00007ff82e4da000 	C:\WINDOWS\SYSTEM32\VERSION.dll
0x00007ff837b50000 - 0x00007ff837b57000 	C:\WINDOWS\system32\PSAPI.DLL
0x00007ff8376a0000 - 0x00007ff8376fa000 	C:\WINDOWS\system32\WS2_32.dll
0x00007ff82c790000 - 0x00007ff82c7ba000 	C:\WINDOWS\SYSTEM32\WINMMBASE.dll
0x00007ff837740000 - 0x00007ff837749000 	C:\WINDOWS\system32\NSI.dll
0x00007ff837210000 - 0x00007ff83725f000 	C:\WINDOWS\SYSTEM32\cfgmgr32.dll
0x00007ff835f80000 - 0x00007ff835fa8000 	C:\WINDOWS\SYSTEM32\DEVOBJ.dll
0x000000005b6d0000 - 0x000000005b6df000 	C:\Program Files\Java\jdk1.8.0_121\jre\bin\verify.dll
0x000000005b6a0000 - 0x000000005b6c9000 	C:\Program Files\Java\jdk1.8.0_121\jre\bin\java.dll
0x000000005b640000 - 0x000000005b675000 	C:\Program Files\Java\jdk1.8.0_121\jre\bin\jdwp.dll
0x000000005b630000 - 0x000000005b638000 	C:\Program Files\Java\jdk1.8.0_121\jre\bin\npt.dll
0x000000005b680000 - 0x000000005b696000 	C:\Program Files\Java\jdk1.8.0_121\jre\bin\zip.dll
0x000000005b620000 - 0x000000005b629000 	C:\Program Files\Java\jdk1.8.0_121\jre\bin\dt_socket.dll
0x00007ff836950000 - 0x00007ff8369a9000 	C:\WINDOWS\system32\mswsock.dll
0x000000005b600000 - 0x000000005b61a000 	C:\Program Files\Java\jdk1.8.0_121\jre\bin\net.dll
0x00007ff836ac0000 - 0x00007ff836ae0000 	C:\WINDOWS\SYSTEM32\CRYPTSP.dll
0x00007ff8367c0000 - 0x00007ff8367f6000 	C:\WINDOWS\system32\rsaenh.dll
0x00007ff836d00000 - 0x00007ff836d26000 	C:\WINDOWS\SYSTEM32\bcrypt.dll
0x00007ff836f40000 - 0x00007ff836fa3000 	C:\WINDOWS\system32\bcryptprimitives.dll
0x00007ff837010000 - 0x00007ff83701b000 	C:\WINDOWS\SYSTEM32\CRYPTBASE.dll
0x00007ff831800000 - 0x00007ff83182a000 	C:\WINDOWS\SYSTEM32\IPHLPAPI.DLL
0x00007ff831a30000 - 0x00007ff831a3a000 	C:\WINDOWS\SYSTEM32\WINNSI.DLL
0x00007ff8310d0000 - 0x00007ff8310e6000 	C:\WINDOWS\SYSTEM32\dhcpcsvc6.DLL
0x00007ff831320000 - 0x00007ff83133a000 	C:\WINDOWS\SYSTEM32\dhcpcsvc.DLL
0x000000005b5e0000 - 0x000000005b5f1000 	C:\Program Files\Java\jdk1.8.0_121\jre\bin\nio.dll
0x00007ff836610000 - 0x00007ff8366b4000 	C:\WINDOWS\SYSTEM32\DNSAPI.dll
0x00007ff82d600000 - 0x00007ff82d60a000 	C:\Windows\System32\rasadhlp.dll
0x00007ff8311f0000 - 0x00007ff83125b000 	C:\WINDOWS\System32\fwpuclnt.dll
0x000000005b5b0000 - 0x000000005b5d4000 	C:\Program Files\Java\jdk1.8.0_121\jre\bin\sunec.dll

VM Arguments:
jvm_args: -agentlib:jdwp=transport=dt_socket,address=127.0.0.1:11791,suspend=y,server=n -ea -Didea.test.cyclic.buffer.size=1048576 -Dfile.encoding=UTF-8 
java_command: org.testng.RemoteTestNGStarter -usedefaultlisteners false -socket11790 @w@C:\Users\lenovo\AppData\Local\Temp\idea_working_dirs_testng.tmp -temp C:\Users\lenovo\AppData\Local\Temp\idea_testng.tmp
java_class_path (initial): C:\Program Files\JetBrains\IntelliJ IDEA Community Edition 2017.1.1\lib\idea_rt.jar;C:\Program Files\JetBrains\IntelliJ IDEA Community Edition 2017.1.1\plugins\testng\lib\testng-plugin.jar;C:\Program Files\Java\jdk1.8.0_121\jre\lib\charsets.jar;C:\Program Files\Java\jdk1.8.0_121\jre\lib\deploy.jar;C:\Program Files\Java\jdk1.8.0_121\jre\lib\ext\access-bridge-64.jar;C:\Program Files\Java\jdk1.8.0_121\jre\lib\ext\cldrdata.jar;C:\Program Files\Java\jdk1.8.0_121\jre\lib\ext\dnsns.jar;C:\Program Files\Java\jdk1.8.0_121\jre\lib\ext\jaccess.jar;C:\Program Files\Java\jdk1.8.0_121\jre\lib\ext\jfxrt.jar;C:\Program Files\Java\jdk1.8.0_121\jre\lib\ext\localedata.jar;C:\Program Files\Java\jdk1.8.0_121\jre\lib\ext\nashorn.jar;C:\Program Files\Java\jdk1.8.0_121\jre\lib\ext\sunec.jar;C:\Program Files\Java\jdk1.8.0_121\jre\lib\ext\sunjce_provider.jar;C:\Program Files\Java\jdk1.8.0_121\jre\lib\ext\sunmscapi.jar;C:\Program Files\Java\jdk1.8.0_121\jre\lib\ext\sunpkcs11.jar;C:\Program Files\Java\jdk1.8.0_121\jre\lib\ext\zipfs.jar;C:\Program Files\Java\jdk1.8.0_121\jre\lib\javaws.jar;C:\Program Files\Java\jdk1.8.0_121\jre\lib\jce.jar;C:\Program Files\Java\jdk1.8.0_121\jre\lib\jfr.jar;C:\Program Files\Java\jdk1.8.0_121\jre\lib\jfxswt.jar;C:\Program Files\Java\jdk1.8.0_121\jre\lib\jsse.jar;C:\Program Files\Java\jdk1.8.0_121\jre\lib\management-agent.jar;C:\Program Files\Java\jdk1.8.0_121\jre\lib\plugin.jar;C:\Program Files\Java\jdk1.8.0_121\jre\lib\resources.jar;C:\Program Files\Java\jdk1.8.0_121\jre\lib\rt.jar;C:\Users\lenovo\IdeaProjects\Maven1\target\test-classes;C:\Users\lenovo\.m2\repository\org\seleniumhq\selenium\selenium-server\3.3.0\selenium-server-3.3.0.jar;C:\Users\lenovo\.m2\repository\org\seleniumhq\selenium\selenium-java\3.3.0\selenium-java-3.3.0.jar;C:\Users\lenovo\.m2\repository\org\seleniumhq\selenium\selenium-chrome-driver\3.3.0\selenium-chrome-driver-3.3.0.jar;C:\Users\lenovo\.m2\repository\org\seleniumhq\selenium\selenium-remote-driver\3.3.0\s
Launcher Type: SUN_STANDARD

Environment Variables:
JAVA_HOME=C:\Program Files\Java\jdk1.8.0_121
PATH=C:\ProgramData\Oracle\Java\javapath;C:\Program Files (x86)\Intel\iCLS Client\;C:\Program Files\Intel\iCLS Client\;C:\WINDOWS\system32;C:\WINDOWS;C:\WINDOWS\System32\Wbem;C:\WINDOWS\System32\WindowsPowerShell\v1.0\;C:\Program Files\Intel\Intel(R) Management Engine Components\DAL;C:\Program Files\Intel\Intel(R) Management Engine Components\IPT;C:\Program Files (x86)\Intel\Intel(R) Management Engine Components\DAL;C:\Program Files (x86)\Intel\Intel(R) Management Engine Components\IPT;C:\Program Files (x86)\Intel\OpenCL SDK\2.0\bin\x86;C:\Program Files (x86)\Intel\OpenCL SDK\2.0\bin\x64;c:\Program Files (x86)\Microsoft SQL Server\100\Tools\Binn\;c:\Program Files\Microsoft SQL Server\100\Tools\Binn\;c:\Program Files\Microsoft SQL Server\100\DTS\Binn\;C:\Program Files\TortoiseSVN\bin;C:\Program Files\Microsoft\Web Platform Installer\;C:\Program Files\PostgreSQL\9.1\bin\;C:\Program Files\PostgreSQL\9.1\bin;C:\Program Files (x86)\Skype\Phone\;C:\Program Files\Git\cmd;C:\Program Files\nodejs\;C:\Program Files\apache-maven-3.5.0\bin\;C:\Users\lenovo\AppData\Roaming\npm
USERNAME=lenovo
OS=Windows_NT
PROCESSOR_IDENTIFIER=Intel64 Family 6 Model 58 Stepping 9, GenuineIntel



---------------  S Y S T E M  ---------------

OS: Windows 8.1 , 64 bit Build 9600 (6.3.9600.17415)

CPU:total 4 (2 cores per cpu, 2 threads per core) family 6 model 58 stepping 9, cmov, cx8, fxsr, mmx, sse, sse2, sse3, ssse3, sse4.1, sse4.2, popcnt, avx, aes, clmul, erms, ht, tsc, tscinvbit, tscinv

Memory: 4k page, physical 4070676k(869124k free), swap 7216408k(5212k free)

vm_info: Java HotSpot(TM) 64-Bit Server VM (25.121-b13) for windows-amd64 JRE (1.8.0_121-b13), built on Dec 12 2016 18:21:36 by "java_re" with MS VC++ 10.0 (VS2010)

time: Mon Apr 17 14:28:38 2017
elapsed time: 22 seconds (0d 0h 0m 22s)

