#
# There is insufficient memory for the Java Runtime Environment to continue.
# Native memory allocation (malloc) failed to allocate 32744 bytes for ChunkPool::allocate
# Possible reasons:
#   The system is out of physical RAM or swap space
#   In 32 bit mode, the process size limit was hit
# Possible solutions:
#   Reduce memory load on the system
#   Increase physical memory or swap space
#   Check if swap backing store is full
#   Use 64 bit Java on a 64 bit OS
#   Decrease Java heap size (-Xmx/-Xms)
#   Decrease number of Java threads
#   Decrease Java thread stack sizes (-Xss)
#   Set larger code cache with -XX:ReservedCodeCacheSize=
# This output file may be truncated or incomplete.
#
#  Out of Memory Error (allocation.cpp:273), pid=7184, tid=0x0000000000002890
#
# JRE version: Java(TM) SE Runtime Environment (8.0_121-b13) (build 1.8.0_121-b13)
# Java VM: Java HotSpot(TM) 64-Bit Server VM (25.121-b13 mixed mode windows-amd64 compressed oops)
# Failed to write core dump. Minidumps are not enabled by default on client versions of Windows
#

---------------  T H R E A D  ---------------

Current thread (0x00000000162e1000):  JavaThread "C1 CompilerThread2" daemon [_thread_in_native, id=10384, stack(0x0000000016960000,0x0000000016a60000)]

Stack: [0x0000000016960000,0x0000000016a60000]
[error occurred during error reporting (printing stack bounds), id 0xc0000005]

Native frames: (J=compiled Java code, j=interpreted, Vv=VM code, C=native code)


Current CompileTask:
C1:   9997 1300       3       com.google.gson.stream.JsonReader::doPeek (744 bytes)


---------------  P R O C E S S  ---------------

Java Threads: ( => current thread )
  0x0000000017539000 JavaThread "Exec Stream Pumper" daemon [_thread_in_native, id=11772, stack(0x0000000018f10000,0x0000000019010000)]
  0x000000001735a000 JavaThread "Exec Stream Pumper" daemon [_thread_in_native, id=6040, stack(0x0000000018e10000,0x0000000018f10000)]
  0x0000000017cd0000 JavaThread "Exec Default Executor" daemon [_thread_in_native, id=3312, stack(0x0000000018c10000,0x0000000018d10000)]
  0x0000000016300000 JavaThread "Service Thread" daemon [_thread_blocked, id=12132, stack(0x0000000016a60000,0x0000000016b60000)]
=>0x00000000162e1000 JavaThread "C1 CompilerThread2" daemon [_thread_in_native, id=10384, stack(0x0000000016960000,0x0000000016a60000)]
  0x0000000014c57000 JavaThread "C2 CompilerThread1" daemon [_thread_blocked, id=13292, stack(0x0000000016860000,0x0000000016960000)]
  0x00000000162a3000 JavaThread "C2 CompilerThread0" daemon [_thread_in_native, id=9392, stack(0x0000000016760000,0x0000000016860000)]
  0x0000000014c52000 JavaThread "Monitor Ctrl-Break" daemon [_thread_in_native, id=7448, stack(0x0000000016660000,0x0000000016760000)]
  0x0000000014c2b800 JavaThread "Attach Listener" daemon [_thread_blocked, id=10268, stack(0x0000000016160000,0x0000000016260000)]
  0x0000000014c2a800 JavaThread "Signal Dispatcher" daemon [_thread_blocked, id=8836, stack(0x0000000016060000,0x0000000016160000)]
  0x0000000014c0a800 JavaThread "Finalizer" daemon [_thread_blocked, id=10156, stack(0x0000000015e80000,0x0000000015f80000)]
  0x0000000014be9000 JavaThread "Reference Handler" daemon [_thread_blocked, id=9568, stack(0x0000000015d80000,0x0000000015e80000)]
  0x0000000002564000 JavaThread "Forwarding getElementAttribute on session 5d1a2c28-7a58-4195-8c4f-13148fdef89f to remote" [_thread_in_vm, id=5856, stack(0x0000000002220000,0x0000000002320000)]

Other Threads:
  0x0000000014be8000 VMThread [stack: 0x0000000015c80000,0x0000000015d80000] [id=10440]
  0x000000001632e000 WatcherThread [stack: 0x0000000016b60000,0x0000000016c60000] [id=10132]

VM state:not at safepoint (normal execution)

VM Mutex/Monitor currently owned by a thread: None

Heap:
 PSYoungGen      total 18944K, used 15798K [0x00000000eb500000, 0x00000000eca00000, 0x0000000100000000)
  eden space 16384K, 80% used [0x00000000eb500000,0x00000000ec1f1850,0x00000000ec500000)
  from space 2560K, 99% used [0x00000000ec500000,0x00000000ec77c050,0x00000000ec780000)
  to   space 2560K, 0% used [0x00000000ec780000,0x00000000ec780000,0x00000000eca00000)
 ParOldGen       total 44032K, used 4054K [0x00000000c1e00000, 0x00000000c4900000, 0x00000000eb500000)
  object space 44032K, 9% used [0x00000000c1e00000,0x00000000c21f5a78,0x00000000c4900000)
 Metaspace       used 15504K, capacity 15762K, committed 16000K, reserved 1062912K
  class space    used 1951K, capacity 2071K, committed 2176K, reserved 1048576K

Card table byte_map: [0x0000000011a20000,0x0000000011c20000] byte_map_base: 0x0000000011411000

Marking Bits: (ParMarkBitMap*) 0x000000005befb6d0
 Begin Bits: [0x0000000012170000, 0x00000000130f8000)
 End Bits:   [0x00000000130f8000, 0x0000000014080000)

Polling page: 0x0000000002320000

CodeCache: size=245760Kb used=4340Kb max_used=4340Kb free=241420Kb
 bounds [0x0000000002660000, 0x0000000002aa0000, 0x0000000011660000]
 total_blobs=1695 nmethods=1300 adapters=308
 compilation: enabled

Compilation events (10 events):
Event: 9.979 Thread 0x00000000162e1000 nmethod 1297 0x0000000002a96910 code [0x0000000002a96a80, 0x0000000002a96d48]
Event: 9.979 Thread 0x00000000162e1000 1298       3       com.google.gson.stream.JsonReader::nextNonWhitespace (354 bytes)
Event: 9.983 Thread 0x00000000162e1000 nmethod 1298 0x0000000002a96e50 code [0x0000000002a972c0, 0x0000000002a999e8]
Event: 9.983 Thread 0x00000000162e1000 1299       3       com.google.gson.stream.JsonReader::nextQuotedValue (196 bytes)
Event: 9.985 Thread 0x00000000162e1000 nmethod 1299 0x0000000002a9b390 code [0x0000000002a9b6a0, 0x0000000002a9cec8]
Event: 9.985 Thread 0x00000000162e1000 1304       3       com.google.gson.stream.JsonWriter::newline (47 bytes)
Event: 9.986 Thread 0x00000000162e1000 nmethod 1304 0x0000000002a9de10 code [0x0000000002a9dfa0, 0x0000000002a9e398]
Event: 9.986 Thread 0x00000000162e1000 1303       3       com.google.gson.JsonPrimitive::isNumber (8 bytes)
Event: 9.986 Thread 0x00000000162e1000 nmethod 1303 0x0000000002a9e4d0 code [0x0000000002a9e620, 0x0000000002a9e870]
Event: 9.986 Thread 0x00000000162e1000 1300       3       com.google.gson.stream.JsonReader::doPeek (744 bytes)

GC Heap History (6 events):
Event: 0.964 GC heap before
{Heap before GC invocations=1 (full 0):
 PSYoungGen      total 18944K, used 16384K [0x00000000eb500000, 0x00000000eca00000, 0x0000000100000000)
  eden space 16384K, 100% used [0x00000000eb500000,0x00000000ec500000,0x00000000ec500000)
  from space 2560K, 0% used [0x00000000ec780000,0x00000000ec780000,0x00000000eca00000)
  to   space 2560K, 0% used [0x00000000ec500000,0x00000000ec500000,0x00000000ec780000)
 ParOldGen       total 44032K, used 0K [0x00000000c1e00000, 0x00000000c4900000, 0x00000000eb500000)
  object space 44032K, 0% used [0x00000000c1e00000,0x00000000c1e00000,0x00000000c4900000)
 Metaspace       used 7246K, capacity 7334K, committed 7552K, reserved 1056768K
  class space    used 830K, capacity 849K, committed 896K, reserved 1048576K
Event: 0.970 GC heap after
Heap after GC invocations=1 (full 0):
 PSYoungGen      total 18944K, used 2441K [0x00000000eb500000, 0x00000000eca00000, 0x0000000100000000)
  eden space 16384K, 0% used [0x00000000eb500000,0x00000000eb500000,0x00000000ec500000)
  from space 2560K, 95% used [0x00000000ec500000,0x00000000ec762490,0x00000000ec780000)
  to   space 2560K, 0% used [0x00000000ec780000,0x00000000ec780000,0x00000000eca00000)
 ParOldGen       total 44032K, used 72K [0x00000000c1e00000, 0x00000000c4900000, 0x00000000eb500000)
  object space 44032K, 0% used [0x00000000c1e00000,0x00000000c1e12010,0x00000000c4900000)
 Metaspace       used 7246K, capacity 7334K, committed 7552K, reserved 1056768K
  class space    used 830K, capacity 849K, committed 896K, reserved 1048576K
}
Event: 1.570 GC heap before
{Heap before GC invocations=2 (full 0):
 PSYoungGen      total 18944K, used 18825K [0x00000000eb500000, 0x00000000eca00000, 0x0000000100000000)
  eden space 16384K, 100% used [0x00000000eb500000,0x00000000ec500000,0x00000000ec500000)
  from space 2560K, 95% used [0x00000000ec500000,0x00000000ec762490,0x00000000ec780000)
  to   space 2560K, 0% used [0x00000000ec780000,0x00000000ec780000,0x00000000eca00000)
 ParOldGen       total 44032K, used 72K [0x00000000c1e00000, 0x00000000c4900000, 0x00000000eb500000)
  object space 44032K, 0% used [0x00000000c1e00000,0x00000000c1e12010,0x00000000c4900000)
 Metaspace       used 11326K, capacity 11544K, committed 11776K, reserved 1058816K
  class space    used 1315K, capacity 1414K, committed 1536K, reserved 1048576K
Event: 1.575 GC heap after
Heap after GC invocations=2 (full 0):
 PSYoungGen      total 18944K, used 2528K [0x00000000eb500000, 0x00000000eca00000, 0x0000000100000000)
  eden space 16384K, 0% used [0x00000000eb500000,0x00000000eb500000,0x00000000ec500000)
  from space 2560K, 98% used [0x00000000ec780000,0x00000000ec9f8020,0x00000000eca00000)
  to   space 2560K, 0% used [0x00000000ec500000,0x00000000ec500000,0x00000000ec780000)
 ParOldGen       total 44032K, used 1380K [0x00000000c1e00000, 0x00000000c4900000, 0x00000000eb500000)
  object space 44032K, 3% used [0x00000000c1e00000,0x00000000c1f593a8,0x00000000c4900000)
 Metaspace       used 11326K, capacity 11544K, committed 11776K, reserved 1058816K
  class space    used 1315K, capacity 1414K, committed 1536K, reserved 1048576K
}
Event: 2.596 GC heap before
{Heap before GC invocations=3 (full 0):
 PSYoungGen      total 18944K, used 18912K [0x00000000eb500000, 0x00000000eca00000, 0x0000000100000000)
  eden space 16384K, 100% used [0x00000000eb500000,0x00000000ec500000,0x00000000ec500000)
  from space 2560K, 98% used [0x00000000ec780000,0x00000000ec9f8020,0x00000000eca00000)
  to   space 2560K, 0% used [0x00000000ec500000,0x00000000ec500000,0x00000000ec780000)
 ParOldGen       total 44032K, used 1380K [0x00000000c1e00000, 0x00000000c4900000, 0x00000000eb500000)
  object space 44032K, 3% used [0x00000000c1e00000,0x00000000c1f593a8,0x00000000c4900000)
 Metaspace       used 13592K, capacity 13884K, committed 14208K, reserved 1060864K
  class space    used 1666K, capacity 1804K, committed 1920K, reserved 1048576K
Event: 2.604 GC heap after
Heap after GC invocations=3 (full 0):
 PSYoungGen      total 18944K, used 2544K [0x00000000eb500000, 0x00000000eca00000, 0x0000000100000000)
  eden space 16384K, 0% used [0x00000000eb500000,0x00000000eb500000,0x00000000ec500000)
  from space 2560K, 99% used [0x00000000ec500000,0x00000000ec77c050,0x00000000ec780000)
  to   space 2560K, 0% used [0x00000000ec780000,0x00000000ec780000,0x00000000eca00000)
 ParOldGen       total 44032K, used 4054K [0x00000000c1e00000, 0x00000000c4900000, 0x00000000eb500000)
  object space 44032K, 9% used [0x00000000c1e00000,0x00000000c21f5a78,0x00000000c4900000)
 Metaspace       used 13592K, capacity 13884K, committed 14208K, reserved 1060864K
  class space    used 1666K, capacity 1804K, committed 1920K, reserved 1048576K
}

Deoptimization events (10 events):
Event: 1.467 Thread 0x0000000002564000 Uncommon trap: reason=bimorphic action=maybe_recompile pc=0x0000000002928a50 method=java.util.regex.Pattern$BmpCharProperty.match(Ljava/util/regex/Matcher;ILjava/lang/CharSequence;)Z @ 31
Event: 1.468 Thread 0x0000000002564000 Uncommon trap: reason=bimorphic action=maybe_recompile pc=0x0000000002928a50 method=java.util.regex.Pattern$BmpCharProperty.match(Ljava/util/regex/Matcher;ILjava/lang/CharSequence;)Z @ 31
Event: 1.468 Thread 0x0000000002564000 Uncommon trap: reason=bimorphic action=maybe_recompile pc=0x0000000002928a50 method=java.util.regex.Pattern$BmpCharProperty.match(Ljava/util/regex/Matcher;ILjava/lang/CharSequence;)Z @ 31
Event: 1.833 Thread 0x0000000002564000 Uncommon trap: reason=bimorphic action=maybe_recompile pc=0x00000000029a68c8 method=java.util.regex.Pattern$BmpCharProperty.match(Ljava/util/regex/Matcher;ILjava/lang/CharSequence;)Z @ 16
Event: 1.833 Thread 0x0000000002564000 Uncommon trap: reason=bimorphic action=maybe_recompile pc=0x00000000029a68c8 method=java.util.regex.Pattern$BmpCharProperty.match(Ljava/util/regex/Matcher;ILjava/lang/CharSequence;)Z @ 16
Event: 1.949 Thread 0x0000000002564000 Uncommon trap: reason=unstable_if action=reinterpret pc=0x0000000002a0cf58 method=java.util.concurrent.ConcurrentHashMap.addCount(JI)V @ 121
Event: 1.982 Thread 0x0000000002564000 Uncommon trap: reason=unstable_if action=reinterpret pc=0x000000000282ae68 method=java.lang.String.replace(CC)Ljava/lang/String; @ 2
Event: 1.984 Thread 0x0000000002564000 Uncommon trap: reason=unstable_if action=reinterpret pc=0x0000000002905b94 method=java.lang.CharacterDataLatin1.digit(II)I @ 82
Event: 2.668 Thread 0x0000000002564000 Uncommon trap: reason=unstable_if action=reinterpret pc=0x0000000002a36b68 method=java.util.regex.Pattern$BmpCharProperty.match(Ljava/util/regex/Matcher;ILjava/lang/CharSequence;)Z @ 34
Event: 2.714 Thread 0x0000000002564000 Uncommon trap: reason=unstable_if action=reinterpret pc=0x0000000002a1b278 method=java.util.concurrent.ConcurrentHashMap.putVal(Ljava/lang/Object;Ljava/lang/Object;Z)Ljava/lang/Object; @ 206

Internal exceptions (10 events):
Event: 1.142 Thread 0x0000000002564000 Exception <a 'java/lang/NoClassDefFoundError': org/apache/log4j/Priority> (0x00000000eba881f8) thrown at [C:\re\workspace\8-2-build-windows-amd64-cygwin\jdk8u121\8372\hotspot\src\share\vm\classfile\systemDictionary.cpp, line 199]
Event: 1.431 Thread 0x0000000002564000 Exception <a 'java/lang/NoSuchFieldError': method resolution failed> (0x00000000ebf5d748) thrown at [C:\re\workspace\8-2-build-windows-amd64-cygwin\jdk8u121\8372\hotspot\src\share\vm\prims\methodHandles.cpp, line 1146]
Event: 1.434 Thread 0x0000000002564000 Exception <a 'java/lang/NoSuchFieldError': method resolution failed> (0x00000000ebf6ba78) thrown at [C:\re\workspace\8-2-build-windows-amd64-cygwin\jdk8u121\8372\hotspot\src\share\vm\prims\methodHandles.cpp, line 1146]
Event: 1.955 Thread 0x0000000002564000 Exception <a 'java/lang/IncompatibleClassChangeError': Found class java.lang.Object, but interface was expected> (0x00000000ebefd148) thrown at [C:\re\workspace\8-2-build-windows-amd64-cygwin\jdk8u121\8372\hotspot\src\share\vm\interpreter\linkResolver.cpp
Event: 2.518 Thread 0x0000000002564000 Exception <a 'java/lang/ArrayIndexOutOfBoundsException'> (0x00000000ec14fcc8) thrown at [C:\re\workspace\8-2-build-windows-amd64-cygwin\jdk8u121\8372\hotspot\src\share\vm\runtime\sharedRuntime.cpp, line 605]
Event: 2.518 Thread 0x0000000002564000 Exception <a 'java/lang/ArrayIndexOutOfBoundsException'> (0x00000000ec150af8) thrown at [C:\re\workspace\8-2-build-windows-amd64-cygwin\jdk8u121\8372\hotspot\src\share\vm\runtime\sharedRuntime.cpp, line 605]
Event: 2.559 Thread 0x0000000002564000 Exception <a 'java/lang/ArrayIndexOutOfBoundsException'> (0x00000000ec39d1c0) thrown at [C:\re\workspace\8-2-build-windows-amd64-cygwin\jdk8u121\8372\hotspot\src\share\vm\runtime\sharedRuntime.cpp, line 605]
Event: 2.559 Thread 0x0000000002564000 Exception <a 'java/lang/ArrayIndexOutOfBoundsException'> (0x00000000ec39eb30) thrown at [C:\re\workspace\8-2-build-windows-amd64-cygwin\jdk8u121\8372\hotspot\src\share\vm\runtime\sharedRuntime.cpp, line 605]
Event: 2.559 Thread 0x0000000002564000 Exception <a 'java/lang/ArrayIndexOutOfBoundsException'> (0x00000000ec39fd70) thrown at [C:\re\workspace\8-2-build-windows-amd64-cygwin\jdk8u121\8372\hotspot\src\share\vm\runtime\sharedRuntime.cpp, line 605]
Event: 8.762 Thread 0x0000000002564000 Exception <a 'java/lang/NoSuchMethodError': java.lang.Object.of(Ljava/lang/Object;)Ljava/util/stream/Stream;> (0x00000000ebfe8c88) thrown at [C:\re\workspace\8-2-build-windows-amd64-cygwin\jdk8u121\8372\hotspot\src\share\vm\interpreter\linkResolver.cpp, l

Events (10 events):
Event: 8.887 loading class org/openqa/selenium/internal/WrapsElement
Event: 8.887 loading class org/openqa/selenium/internal/WrapsElement done
Event: 9.061 loading class SimpleTest$1
Event: 9.061 loading class SimpleTest$1 done
Event: 9.067 loading class org/openqa/selenium/support/ui/ExpectedCondition
Event: 9.067 loading class org/openqa/selenium/support/ui/ExpectedCondition done
Event: 9.069 loading class org/apache/http/client/methods/HttpGet
Event: 9.069 loading class org/apache/http/client/methods/HttpGet done
Event: 9.854 loading class SimpleTest$2
Event: 9.854 loading class SimpleTest$2 done


Dynamic libraries:
0x00007ff6c2bd0000 - 0x00007ff6c2c07000 	C:\Program Files\Java\jdk1.8.0_121\bin\java.exe
0x00007ff83b380000 - 0x00007ff83b52d000 	C:\WINDOWS\SYSTEM32\ntdll.dll
0x00007ff8385d0000 - 0x00007ff83870e000 	C:\WINDOWS\system32\KERNEL32.DLL
0x00007ff822780000 - 0x00007ff8227d4000 	C:\Program Files (x86)\AVG\Av\avghooka.dll
0x00007ff8372f0000 - 0x00007ff837405000 	C:\WINDOWS\system32\KERNELBASE.dll
0x00007ff835d00000 - 0x00007ff835d8e000 	C:\WINDOWS\system32\apphelp.dll
0x00007ff820a20000 - 0x00007ff820a73000 	C:\WINDOWS\AppPatch\AppPatch64\AcGenral.DLL
0x00007ff837d80000 - 0x00007ff837e2a000 	C:\WINDOWS\system32\msvcrt.dll
0x00007ff8372c0000 - 0x00007ff8372ee000 	C:\WINDOWS\system32\SspiCli.dll
0x00007ff838080000 - 0x00007ff8380d4000 	C:\WINDOWS\system32\SHLWAPI.dll
0x00007ff838240000 - 0x00007ff8383b7000 	C:\WINDOWS\system32\USER32.dll
0x00007ff837ee0000 - 0x00007ff838074000 	C:\WINDOWS\system32\ole32.dll
0x00007ff838af0000 - 0x00007ff83a018000 	C:\WINDOWS\system32\SHELL32.dll
0x00007ff8368b0000 - 0x00007ff8368d1000 	C:\WINDOWS\SYSTEM32\USERENV.dll
0x00007ff837e30000 - 0x00007ff837eda000 	C:\WINDOWS\system32\ADVAPI32.dll
0x00007ff82cc40000 - 0x00007ff82cc5e000 	C:\WINDOWS\SYSTEM32\MPR.dll
0x00007ff838490000 - 0x00007ff8385d0000 	C:\WINDOWS\system32\RPCRT4.dll
0x00007ff837af0000 - 0x00007ff837b49000 	C:\WINDOWS\SYSTEM32\sechost.dll
0x00007ff837b60000 - 0x00007ff837d71000 	C:\WINDOWS\SYSTEM32\combase.dll
0x00007ff837930000 - 0x00007ff837a7f000 	C:\WINDOWS\system32\GDI32.dll
0x00007ff837140000 - 0x00007ff837155000 	C:\WINDOWS\SYSTEM32\profapi.dll
0x00007ff8356d0000 - 0x00007ff835782000 	C:\WINDOWS\SYSTEM32\SHCORE.dll
0x00007ff837700000 - 0x00007ff837736000 	C:\WINDOWS\system32\IMM32.DLL
0x00007ff8380e0000 - 0x00007ff838232000 	C:\WINDOWS\system32\MSCTF.dll
0x00007ff835250000 - 0x00007ff8354cb000 	C:\WINDOWS\WinSxS\amd64_microsoft.windows.common-controls_6595b64144ccf1df_6.0.9600.18006_none_623f33d3ecbe86e8\COMCTL32.dll
0x000000005bf80000 - 0x000000005c052000 	C:\Program Files\Java\jdk1.8.0_121\jre\bin\msvcr100.dll
0x000000005b6e0000 - 0x000000005bf7b000 	C:\Program Files\Java\jdk1.8.0_121\jre\bin\server\jvm.dll
0x00007ff82d820000 - 0x00007ff82d829000 	C:\WINDOWS\SYSTEM32\WSOCK32.dll
0x00007ff82f9a0000 - 0x00007ff82f9c2000 	C:\WINDOWS\SYSTEM32\WINMM.dll
0x00007ff82e4d0000 - 0x00007ff82e4da000 	C:\WINDOWS\SYSTEM32\VERSION.dll
0x00007ff837b50000 - 0x00007ff837b57000 	C:\WINDOWS\system32\PSAPI.DLL
0x00007ff8376a0000 - 0x00007ff8376fa000 	C:\WINDOWS\system32\WS2_32.dll
0x00007ff82c790000 - 0x00007ff82c7ba000 	C:\WINDOWS\SYSTEM32\WINMMBASE.dll
0x00007ff837740000 - 0x00007ff837749000 	C:\WINDOWS\system32\NSI.dll
0x00007ff837210000 - 0x00007ff83725f000 	C:\WINDOWS\SYSTEM32\cfgmgr32.dll
0x00007ff835f80000 - 0x00007ff835fa8000 	C:\WINDOWS\SYSTEM32\DEVOBJ.dll
0x000000005b6d0000 - 0x000000005b6df000 	C:\Program Files\Java\jdk1.8.0_121\jre\bin\verify.dll
0x000000005b6a0000 - 0x000000005b6c9000 	C:\Program Files\Java\jdk1.8.0_121\jre\bin\java.dll
0x000000005b650000 - 0x000000005b673000 	C:\Program Files\Java\jdk1.8.0_121\jre\bin\instrument.dll
0x000000005b680000 - 0x000000005b696000 	C:\Program Files\Java\jdk1.8.0_121\jre\bin\zip.dll
0x00007ff820ca0000 - 0x00007ff820cba000 	C:\Program Files\JetBrains\IntelliJ IDEA Community Edition 2017.1.1\bin\breakgen64.dll
0x000000005b540000 - 0x000000005b55a000 	C:\Program Files\Java\jdk1.8.0_121\jre\bin\net.dll
0x00007ff836950000 - 0x00007ff8369a9000 	C:\WINDOWS\system32\mswsock.dll
0x00007ff836ac0000 - 0x00007ff836ae0000 	C:\WINDOWS\SYSTEM32\CRYPTSP.dll
0x00007ff8367c0000 - 0x00007ff8367f6000 	C:\WINDOWS\system32\rsaenh.dll
0x00007ff836d00000 - 0x00007ff836d26000 	C:\WINDOWS\SYSTEM32\bcrypt.dll
0x00007ff836f40000 - 0x00007ff836fa3000 	C:\WINDOWS\system32\bcryptprimitives.dll
0x00007ff837010000 - 0x00007ff83701b000 	C:\WINDOWS\SYSTEM32\CRYPTBASE.dll
0x00007ff831800000 - 0x00007ff83182a000 	C:\WINDOWS\SYSTEM32\IPHLPAPI.DLL
0x00007ff831a30000 - 0x00007ff831a3a000 	C:\WINDOWS\SYSTEM32\WINNSI.DLL
0x00007ff8310d0000 - 0x00007ff8310e6000 	C:\WINDOWS\SYSTEM32\dhcpcsvc6.DLL
0x00007ff831320000 - 0x00007ff83133a000 	C:\WINDOWS\SYSTEM32\dhcpcsvc.DLL
0x000000005b520000 - 0x000000005b531000 	C:\Program Files\Java\jdk1.8.0_121\jre\bin\nio.dll
0x00007ff836610000 - 0x00007ff8366b4000 	C:\WINDOWS\SYSTEM32\DNSAPI.dll
0x00007ff82d600000 - 0x00007ff82d60a000 	C:\Windows\System32\rasadhlp.dll
0x00007ff8311f0000 - 0x00007ff83125b000 	C:\WINDOWS\System32\fwpuclnt.dll
0x000000005b4f0000 - 0x000000005b514000 	C:\Program Files\Java\jdk1.8.0_121\jre\bin\sunec.dll

VM Arguments:
jvm_args: -ea -Didea.test.cyclic.buffer.size=1048576 -javaagent:C:\Program Files\JetBrains\IntelliJ IDEA Community Edition 2017.1.1\lib\idea_rt.jar=18692:C:\Program Files\JetBrains\IntelliJ IDEA Community Edition 2017.1.1\bin -Dfile.encoding=UTF-8 
java_command: org.testng.RemoteTestNGStarter -usedefaultlisteners false -socket18691 @w@C:\Users\lenovo\AppData\Local\Temp\idea_working_dirs_testng.tmp -temp C:\Users\lenovo\AppData\Local\Temp\idea_testng.tmp
java_class_path (initial): C:\Program Files\JetBrains\IntelliJ IDEA Community Edition 2017.1.1\lib\idea_rt.jar;C:\Program Files\JetBrains\IntelliJ IDEA Community Edition 2017.1.1\plugins\testng\lib\testng-plugin.jar;C:\Program Files\Java\jdk1.8.0_121\jre\lib\charsets.jar;C:\Program Files\Java\jdk1.8.0_121\jre\lib\deploy.jar;C:\Program Files\Java\jdk1.8.0_121\jre\lib\ext\access-bridge-64.jar;C:\Program Files\Java\jdk1.8.0_121\jre\lib\ext\cldrdata.jar;C:\Program Files\Java\jdk1.8.0_121\jre\lib\ext\dnsns.jar;C:\Program Files\Java\jdk1.8.0_121\jre\lib\ext\jaccess.jar;C:\Program Files\Java\jdk1.8.0_121\jre\lib\ext\jfxrt.jar;C:\Program Files\Java\jdk1.8.0_121\jre\lib\ext\localedata.jar;C:\Program Files\Java\jdk1.8.0_121\jre\lib\ext\nashorn.jar;C:\Program Files\Java\jdk1.8.0_121\jre\lib\ext\sunec.jar;C:\Program Files\Java\jdk1.8.0_121\jre\lib\ext\sunjce_provider.jar;C:\Program Files\Java\jdk1.8.0_121\jre\lib\ext\sunmscapi.jar;C:\Program Files\Java\jdk1.8.0_121\jre\lib\ext\sunpkcs11.jar;C:\Program Files\Java\jdk1.8.0_121\jre\lib\ext\zipfs.jar;C:\Program Files\Java\jdk1.8.0_121\jre\lib\javaws.jar;C:\Program Files\Java\jdk1.8.0_121\jre\lib\jce.jar;C:\Program Files\Java\jdk1.8.0_121\jre\lib\jfr.jar;C:\Program Files\Java\jdk1.8.0_121\jre\lib\jfxswt.jar;C:\Program Files\Java\jdk1.8.0_121\jre\lib\jsse.jar;C:\Program Files\Java\jdk1.8.0_121\jre\lib\management-agent.jar;C:\Program Files\Java\jdk1.8.0_121\jre\lib\plugin.jar;C:\Program Files\Java\jdk1.8.0_121\jre\lib\resources.jar;C:\Program Files\Java\jdk1.8.0_121\jre\lib\rt.jar;C:\Users\lenovo\IdeaProjects\Maven1\target\test-classes;C:\Users\lenovo\.m2\repository\org\seleniumhq\selenium\selenium-server\3.3.0\selenium-server-3.3.0.jar;C:\Users\lenovo\.m2\repository\org\seleniumhq\selenium\selenium-java\3.3.0\selenium-java-3.3.0.jar;C:\Users\lenovo\.m2\repository\org\seleniumhq\selenium\selenium-chrome-driver\3.3.0\selenium-chrome-driver-3.3.0.jar;C:\Users\lenovo\.m2\repository\org\seleniumhq\selenium\selenium-remote-driver\3.3.0\s
Launcher Type: SUN_STANDARD

Environment Variables:
JAVA_HOME=C:\Program Files\Java\jdk1.8.0_121
PATH=C:\ProgramData\Oracle\Java\javapath;C:\Program Files (x86)\Intel\iCLS Client\;C:\Program Files\Intel\iCLS Client\;C:\WINDOWS\system32;C:\WINDOWS;C:\WINDOWS\System32\Wbem;C:\WINDOWS\System32\WindowsPowerShell\v1.0\;C:\Program Files\Intel\Intel(R) Management Engine Components\DAL;C:\Program Files\Intel\Intel(R) Management Engine Components\IPT;C:\Program Files (x86)\Intel\Intel(R) Management Engine Components\DAL;C:\Program Files (x86)\Intel\Intel(R) Management Engine Components\IPT;C:\Program Files (x86)\Intel\OpenCL SDK\2.0\bin\x86;C:\Program Files (x86)\Intel\OpenCL SDK\2.0\bin\x64;c:\Program Files (x86)\Microsoft SQL Server\100\Tools\Binn\;c:\Program Files\Microsoft SQL Server\100\Tools\Binn\;c:\Program Files\Microsoft SQL Server\100\DTS\Binn\;C:\Program Files\TortoiseSVN\bin;C:\Program Files\Microsoft\Web Platform Installer\;C:\Program Files\PostgreSQL\9.1\bin\;C:\Program Files\PostgreSQL\9.1\bin;C:\Program Files (x86)\Skype\Phone\;C:\Program Files\Git\cmd;C:\Program Files\nodejs\;C:\Program Files\apache-maven-3.5.0\bin\;C:\Users\lenovo\AppData\Roaming\npm
USERNAME=lenovo
OS=Windows_NT
PROCESSOR_IDENTIFIER=Intel64 Family 6 Model 58 Stepping 9, GenuineIntel



---------------  S Y S T E M  ---------------

OS: Windows 8.1 , 64 bit Build 9600 (6.3.9600.17415)

CPU:total 4 (2 cores per cpu, 2 threads per core) family 6 model 58 stepping 9, cmov, cx8, fxsr, mmx, sse, sse2, sse3, ssse3, sse4.1, sse4.2, popcnt, avx, aes, clmul, erms, ht, tsc, tscinvbit, tscinv

Memory: 4k page, physical 4070676k(951560k free), swap 7216408k(5156k free)

vm_info: Java HotSpot(TM) 64-Bit Server VM (25.121-b13) for windows-amd64 JRE (1.8.0_121-b13), built on Dec 12 2016 18:21:36 by "java_re" with MS VC++ 10.0 (VS2010)

time: Mon Apr 17 17:09:14 2017
elapsed time: 9 seconds (0d 0h 0m 9s)

